2024-06-13 08:01:05.938 UTC [1] LOG:  starting PostgreSQL 14.10 (Debian 14.10-1.pgdg120+1) on x86_64-pc-linux-gnu, compiled by gcc (Debian 12.2.0-14) 12.2.0, 64-bit
2024-06-13 08:01:05.938 UTC [1] LOG:  listening on IPv4 address "0.0.0.0", port 5432
2024-06-13 08:01:05.938 UTC [1] LOG:  listening on IPv6 address "::", port 5432
2024-06-13 08:01:05.974 UTC [1] LOG:  listening on Unix socket "/var/run/postgresql/.s.PGSQL.5432"
2024-06-13 08:01:06.070 UTC [29] LOG:  database system was shut down at 2024-06-13 08:00:37 UTC
[2024-06-13T08:01:06Z INFO  service::utils::clean] Find directory "pg_vectors/indexes/17331".
[2024-06-13T08:01:06Z INFO  service::utils::clean] Find directory "pg_vectors/indexes/17332".
[2024-06-13T08:01:06Z INFO  service::utils::clean] Find directory "pg_vectors/indexes/17331/segments/9d67b95f-f2c9-4b9a-80ce-642c9973a094".
2024-06-13 08:01:06.143 UTC [1] LOG:  database system is ready to accept connections
[2024-06-13T08:01:06Z INFO  service::utils::clean] Find directory "pg_vectors/indexes/17332/segments/57b80276-157d-433f-bb8f-7d5f3ec00cde".
2024-06-13 08:01:34.929 UTC [67] FATAL:  role "root" does not exist
2024-06-13 08:06:34.988 UTC [92] FATAL:  role "root" does not exist
2024-06-13 08:11:35.092 UTC [116] FATAL:  role "root" does not exist
2024-06-13 08:16:35.199 UTC [136] FATAL:  role "root" does not exist
2024-06-13 08:21:35.247 UTC [156] FATAL:  role "root" does not exist
2024-06-13 08:26:35.347 UTC [176] FATAL:  role "root" does not exist
2024-06-13 08:31:35.454 UTC [197] FATAL:  role "root" does not exist
2024-06-13 08:36:35.528 UTC [217] FATAL:  role "root" does not exist
2024-06-13 08:41:35.589 UTC [237] FATAL:  role "root" does not exist
2024-06-13 08:46:35.684 UTC [257] FATAL:  role "root" does not exist
2024-06-13 08:51:35.805 UTC [278] FATAL:  role "root" does not exist
2024-06-13 08:56:35.870 UTC [298] FATAL:  role "root" does not exist
2024-06-13 09:01:35.963 UTC [318] FATAL:  role "root" does not exist
2024-06-13 09:06:36.067 UTC [338] FATAL:  role "root" does not exist
2024-06-13 09:11:36.152 UTC [358] FATAL:  role "root" does not exist
2024-06-13 09:16:36.243 UTC [378] FATAL:  role "root" does not exist
2024-06-13 09:21:36.348 UTC [398] FATAL:  role "root" does not exist
2024-06-13 09:26:36.464 UTC [418] FATAL:  role "root" does not exist
2024-06-13 09:31:36.562 UTC [438] FATAL:  role "root" does not exist
2024-06-13 09:36:36.660 UTC [458] FATAL:  role "root" does not exist
2024-06-13 09:41:36.777 UTC [478] FATAL:  role "root" does not exist
2024-06-13 09:46:36.876 UTC [498] FATAL:  role "root" does not exist
2024-06-13 09:51:36.972 UTC [518] FATAL:  role "root" does not exist
2024-06-13 09:56:37.072 UTC [538] FATAL:  role "root" does not exist
2024-06-13 10:01:37.174 UTC [558] FATAL:  role "root" does not exist
2024-06-13 10:06:37.272 UTC [578] FATAL:  role "root" does not exist
2024-06-13 10:11:37.381 UTC [598] FATAL:  role "root" does not exist
2024-06-13 10:16:37.489 UTC [621] FATAL:  role "root" does not exist
2024-06-13 10:21:37.615 UTC [645] FATAL:  role "root" does not exist
2024-06-13 10:26:37.721 UTC [665] FATAL:  role "root" does not exist
2024-06-13 10:31:37.818 UTC [685] FATAL:  role "root" does not exist
2024-06-13 10:36:37.920 UTC [705] FATAL:  role "root" does not exist
2024-06-15 08:29:52.679 UTC [725] FATAL:  role "root" does not exist
